<?xml version="1.0" encoding="UTF-8"?>
<testsuite xmlns:xsi="http://www.w3.org/2001/XMLSchema-instance" xsi:noNamespaceSchemaLocation="https://maven.apache.org/surefire/maven-surefire-plugin/xsd/surefire-test-report.xsd" version="3.0.2" name="software_engineering.DatabaseTest" time="0.394" tests="8" errors="0" skipped="0" failures="0">
  <properties>
[...]
</properties>
  <testcase name="assignDriver_fails_when_driver_missing" classname="software_engineering.DatabaseTest" time="0.225">
    <system-out><![CDATA[Initialising Database instance...
software_engineering.Database@72967906 has been initialised succesfully!
Initialising Database instance...
software_engineering.Database@639c2c1d has been initialised succesfully!
]]></system-out>
  </testcase>
  <testcase name="capacity_update_increase_rejected" classname="software_engineering.DatabaseTest" time="0.003">
    <system-out><![CDATA[Initialising Database instance...
software_engineering.Database@2fb3536e has been initialised succesfully!
Initialising Database instance...
software_engineering.Database@169e6180 has been initialised succesfully!
Capacity cannot increase.
]]></system-out>
  </testcase>
  <testcase name="driverDelete_removesDriver" classname="software_engineering.DatabaseTest" time="0.029">
    <system-out><![CDATA[Initialising Database instance...
software_engineering.Database@47987356 has been initialised succesfully!
Initialising Database instance...
software_engineering.Database@22ef9844 has been initialised succesfully!
]]></system-out>
  </testcase>
  <testcase name="busCount_returnsCorrectNumber" classname="software_engineering.DatabaseTest" time="0.028">
    <system-out><![CDATA[Initialising Database instance...
software_engineering.Database@1da2cb77 has been initialised succesfully!
Initialising Database instance...
software_engineering.Database@48f278eb has been initialised succesfully!
]]></system-out>
  </testcase>
  <testcase name="busDelete_removesBus" classname="software_engineering.DatabaseTest" time="0.026">
    <system-out><![CDATA[Initialising Database instance...
software_engineering.Database@1e04fa0a has been initialised succesfully!
Initialising Database instance...
software_engineering.Database@1af2d44a has been initialised succesfully!
]]></system-out>
  </testcase>
  <testcase name="busInsert_persistsCorrectly" classname="software_engineering.DatabaseTest" time="0.022">
    <system-out><![CDATA[Initialising Database instance...
software_engineering.Database@618425b5 has been initialised succesfully!
Initialising Database instance...
software_engineering.Database@58695725 has been initialised succesfully!
]]></system-out>
  </testcase>
  <testcase name="capacity_update_decrease_allowed" classname="software_engineering.DatabaseTest" time="0.002">
    <system-out><![CDATA[Initialising Database instance...
software_engineering.Database@f5acb9d has been initialised succesfully!
Initialising Database instance...
software_engineering.Database@4fb3ee4e has been initialised succesfully!
]]></system-out>
  </testcase>
  <testcase name="driverInsert_persistsCorrectly" classname="software_engineering.DatabaseTest" time="0.023">
    <system-out><![CDATA[Initialising Database instance...
software_engineering.Database@25fb8912 has been initialised succesfully!
Initialising Database instance...
software_engineering.Database@7c24b813 has been initialised succesfully!
]]></system-out>
  </testcase>
</testsuite>