<?xml version="1.0" encoding="UTF-8"?>
<testsuite xmlns:xsi="http://www.w3.org/2001/XMLSchema-instance" xsi:noNamespaceSchemaLocation="https://maven.apache.org/surefire/maven-surefire-plugin/xsd/surefire-test-report.xsd" version="3.0.2" name="software_engineering.ValidationClassTest" time="0.035" tests="11" errors="0" skipped="0" failures="1">
  <properties>
[...]
</properties>
  <testcase name="testValidDriverId_invalidFirstTwoDigits" classname="software_engineering.ValidationClassTest" time="0.003"/>
  <testcase name="testValidDOB_normal" classname="software_engineering.ValidationClassTest" time="0.003"/>
  <testcase name="testValidDOB_edgeShort" classname="software_engineering.ValidationClassTest" time="0.002"/>
  <testcase name="testValidAddress_invalidMissingSection" classname="software_engineering.ValidationClassTest" time="0.001"/>
  <testcase name="testValidBusId_normal" classname="software_engineering.ValidationClassTest" time="0.003"/>
  <testcase name="testValidDOB_invalidSlashes" classname="software_engineering.ValidationClassTest" time="0.001"/>
  <testcase name="testValidDriverId_normal" classname="software_engineering.ValidationClassTest" time="0.003"/>
  <testcase name="testValidDriverId_edgeOneSpecialChar" classname="software_engineering.ValidationClassTest" time="0.004">
    <failure message="expected: &lt;false&gt; but was: &lt;true&gt;" type="org.opentest4j.AssertionFailedError"><![CDATA[org.opentest4j.AssertionFailedError: expected: <false> but was: <true>
	at org.junit.jupiter.api.AssertionFailureBuilder.build(AssertionFailureBuilder.java:151)
	at org.junit.jupiter.api.AssertionFailureBuilder.buildAndThrow(AssertionFailureBuilder.java:132)
	at org.junit.jupiter.api.AssertFalse.failNotFalse(AssertFalse.java:63)
	at org.junit.jupiter.api.AssertFalse.assertFalse(AssertFalse.java:36)
	at org.junit.jupiter.api.AssertFalse.assertFalse(AssertFalse.java:31)
	at org.junit.jupiter.api.Assertions.assertFalse(Assertions.java:231)
	at software_engineering.ValidationClassTest.testValidDriverId_edgeOneSpecialChar(ValidationClassTest.java:27)
	at java.base/java.lang.reflect.Method.invoke(Method.java:565)
	at java.base/java.util.ArrayList.forEach(ArrayList.java:1612)
	at java.base/java.util.ArrayList.forEach(ArrayList.java:1612)
]]></failure>
  </testcase>
  <testcase name="testValidAddress_normal" classname="software_engineering.ValidationClassTest" time="0.001"/>
  <testcase name="testValidAddress_edgeExtraInfo" classname="software_engineering.ValidationClassTest" time="0.001"/>
  <testcase name="testValidBusId_invalid" classname="software_engineering.ValidationClassTest" time="0.001"/>
</testsuite>