<?xml version="1.0" encoding="UTF-8"?>
<testsuite xmlns:xsi="http://www.w3.org/2001/XMLSchema-instance" xsi:noNamespaceSchemaLocation="https://maven.apache.org/surefire/maven-surefire-plugin/xsd/surefire-test-report.xsd" version="3.0.2" name="software_engineering.ValidationClassTest" time="0.071" tests="25" errors="0" skipped="0" failures="0">
  <properties>
[...]
</properties>
  <testcase name="driverHasMinExperience_acceptsMinYears" classname="software_engineering.ValidationClassTest" time="0.005"/>
  <testcase name="validDriverId_acceptsValidId" classname="software_engineering.ValidationClassTest" time="0.004"/>
  <testcase name="validDriverId_rejectsShortId" classname="software_engineering.ValidationClassTest" time="0.006"/>
  <testcase name="validDOB_rejectsWrongSeparator" classname="software_engineering.ValidationClassTest" time="0.001"/>
  <testcase name="validAddress_rejectsTooManyFields" classname="software_engineering.ValidationClassTest" time="0.002"/>
  <testcase name="driverOlderThan50_acceptsYounger" classname="software_engineering.ValidationClassTest" time="0.014"/>
  <testcase name="validBusId_rejectsNonDigitId" classname="software_engineering.ValidationClassTest" time="0.002"/>
  <testcase name="validDOB_rejectsLongDate" classname="software_engineering.ValidationClassTest" time="0.001"/>
  <testcase name="validAddress_acceptsCorrectFormat" classname="software_engineering.ValidationClassTest" time="0.001"/>
  <testcase name="validAddress_rejectsTooFewFields" classname="software_engineering.ValidationClassTest" time="0.002"/>
  <testcase name="driverOlderThan50_rejectsBusCapacity50OrMore" classname="software_engineering.ValidationClassTest" time="0.001"/>
  <testcase name="driverHasMinExperience_rejectsBelowMin" classname="software_engineering.ValidationClassTest" time="0.001"/>
  <testcase name="validBusId_rejectsLongId" classname="software_engineering.ValidationClassTest" time="0.001"/>
  <testcase name="driverLicenseAllows_acceptsPublicTransport" classname="software_engineering.ValidationClassTest" time="0.0"/>
  <testcase name="validDOB_acceptsCorrectFormat" classname="software_engineering.ValidationClassTest" time="0.001"/>
  <testcase name="validDriverId_rejectsLongId" classname="software_engineering.ValidationClassTest" time="0.001"/>
  <testcase name="validBusId_rejectsShortId" classname="software_engineering.ValidationClassTest" time="0.001"/>
  <testcase name="driverLicenseAllows_acceptsHeavy" classname="software_engineering.ValidationClassTest" time="0.001"/>
  <testcase name="validDOB_rejectsShortDate" classname="software_engineering.ValidationClassTest" time="0.001"/>
  <testcase name="driverLicenseAllows_rejectsOther" classname="software_engineering.ValidationClassTest" time="0.0"/>
  <testcase name="capacityUpdate_rejectsIncrease" classname="software_engineering.ValidationClassTest" time="0.001">
    <system-out><![CDATA[Capacity cannot increase.
]]></system-out>
  </testcase>
  <testcase name="capacityUpdate_allowsSame" classname="software_engineering.ValidationClassTest" time="0.001"/>
  <testcase name="capacityUpdate_allowsDecrease" classname="software_engineering.ValidationClassTest" time="0.0"/>
  <testcase name="validDriverId_rejectsInvalidEndUppercase" classname="software_engineering.ValidationClassTest" time="0.0"/>
  <testcase name="validBusId_acceptsValid8DigitId" classname="software_engineering.ValidationClassTest" time="0.001"/>
</testsuite>